<?xml version="1.0" encoding="UTF-8"?>
<testsuite xmlns:xsi="http://www.w3.org/2001/XMLSchema-instance" xsi:noNamespaceSchemaLocation="https://maven.apache.org/surefire/maven-surefire-plugin/xsd/surefire-test-report.xsd" name="rchat.UsuarioManagerTest" time="7.877" tests="6" errors="0" skipped="0" failures="0">
  <properties>
[...]
</properties>
  <testcase name="buscarUsuarioPorNombre_NOT_OK" classname="rchat.UsuarioManagerTest" time="1.831"/>
  <testcase name="buscarUsuarioPorID_NOT_OK" classname="rchat.UsuarioManagerTest" time="1.211"/>
  <testcase name="buscarUsuarioPorNombre_OK" classname="rchat.UsuarioManagerTest" time="1.212"/>
  <testcase name="buscarUsuarioPorID_OK" classname="rchat.UsuarioManagerTest" time="1.205"/>
  <testcase name="buscarUsuarioPorEmail_NOT_OK" classname="rchat.UsuarioManagerTest" time="1.21"/>
  <testcase name="buscarUsuarioPoreEmail_OK" classname="rchat.UsuarioManagerTest" time="1.203"/>
</testsuite>